<?xml version="1.0" encoding="UTF-8"?>
<!-- Generated by org.testng.reporters.JUnitReportReporter -->
<testsuite skipped="0" hostname="LAPTOP-J34M233A" name="MagentoTest" tests="1" failures="0" timestamp="16 Oct 2018 16:59:16 GMT" time="46.552" errors="0">
  <testcase name="posCredentials" time="46.552" classname="MagentoTest"/>
</testsuite> <!-- MagentoTest -->
