<?xml version="1.0" encoding="UTF-8"?>
<!-- Generated by org.testng.reporters.JUnitReportReporter -->
<testsuite skipped="0" hostname="LAPTOP-J34M233A" name="MagentoTest" tests="1" failures="0" timestamp="16 Oct 2018 18:01:45 GMT" time="59.713" errors="0">
  <testcase name="posCredentials" time="59.713" classname="MagentoTest"/>
</testsuite> <!-- MagentoTest -->
