<?xml version="1.0" encoding="UTF-8"?>
<!-- Generated by org.testng.reporters.JUnitReportReporter -->
<testsuite skipped="0" hostname="LAPTOP-J34M233A" name="MagentoTest" tests="1" failures="0" timestamp="16 Oct 2018 17:41:42 GMT" time="89.329" errors="0">
  <testcase name="posCredentials" time="89.329" classname="MagentoTest"/>
</testsuite> <!-- MagentoTest -->
